mode: atomic
github.com/cubny/cart/internal/storage/sqlite3/migrate.go:8.35,17.31 2 0
github.com/cubny/cart/internal/storage/sqlite3/migrate.go:23.2,23.12 1 0
github.com/cubny/cart/internal/storage/sqlite3/migrate.go:17.31,18.41 1 0
github.com/cubny/cart/internal/storage/sqlite3/migrate.go:18.41,20.4 1 0
github.com/cubny/cart/internal/storage/sqlite3/migrate.go:28.45,34.30 2 0
github.com/cubny/cart/internal/storage/sqlite3/migrate.go:39.2,39.12 1 0
github.com/cubny/cart/internal/storage/sqlite3/migrate.go:34.30,35.41 1 0
github.com/cubny/cart/internal/storage/sqlite3/migrate.go:35.41,37.4 1 0
github.com/cubny/cart/internal/ctxutil/ctxutil.go:17.100,18.9 1 0
github.com/cubny/cart/internal/ctxutil/ctxutil.go:27.2,27.68 1 0
github.com/cubny/cart/internal/ctxutil/ctxutil.go:19.18,20.48 1 0
github.com/cubny/cart/internal/ctxutil/ctxutil.go:21.24,22.51 1 0
github.com/cubny/cart/internal/ctxutil/ctxutil.go:23.33,24.51 1 0
github.com/cubny/cart/internal/ctxutil/ctxutil.go:31.72,33.9 2 0
github.com/cubny/cart/internal/ctxutil/ctxutil.go:37.2,37.37 1 0
github.com/cubny/cart/internal/ctxutil/ctxutil.go:41.2,41.33 1 0
github.com/cubny/cart/internal/ctxutil/ctxutil.go:33.9,35.3 1 0
github.com/cubny/cart/internal/ctxutil/ctxutil.go:37.37,39.3 1 0
github.com/cubny/cart/internal/jsonerror/jsonerror.go:32.57,36.19 2 0
github.com/cubny/cart/internal/jsonerror/jsonerror.go:52.2,52.19 1 0
github.com/cubny/cart/internal/jsonerror/jsonerror.go:56.2,56.10 1 0
github.com/cubny/cart/internal/jsonerror/jsonerror.go:37.24,38.31 1 0
github.com/cubny/cart/internal/jsonerror/jsonerror.go:39.21,40.28 1 0
github.com/cubny/cart/internal/jsonerror/jsonerror.go:41.23,42.36 1 0
github.com/cubny/cart/internal/jsonerror/jsonerror.go:43.24,44.31 1 0
github.com/cubny/cart/internal/jsonerror/jsonerror.go:45.19,46.26 1 0
github.com/cubny/cart/internal/jsonerror/jsonerror.go:47.10,49.30 2 0
github.com/cubny/cart/internal/jsonerror/jsonerror.go:52.19,54.3 1 0
github.com/cubny/cart/internal/jsonerror/jsonerror.go:59.71,70.2 4 0
github.com/cubny/cart/internal/jsonerror/jsonerror.go:73.65,75.2 1 0
github.com/cubny/cart/internal/jsonerror/jsonerror.go:78.64,80.2 1 0
github.com/cubny/cart/internal/jsonerror/jsonerror.go:83.62,85.2 1 0
github.com/cubny/cart/internal/jsonerror/jsonerror.go:88.65,90.2 1 0
github.com/cubny/cart/internal/jsonerror/jsonerror.go:93.60,95.2 1 0
github.com/cubny/cart/internal/service/cart.go:35.40,37.2 1 0
github.com/cubny/cart/internal/service/cart.go:43.85,45.16 2 0
github.com/cubny/cart/internal/service/cart.go:49.2,49.56 1 0
github.com/cubny/cart/internal/service/cart.go:53.2,53.18 1 0
github.com/cubny/cart/internal/service/cart.go:45.16,47.3 1 0
github.com/cubny/cart/internal/service/cart.go:49.56,51.3 1 0
github.com/cubny/cart/internal/service/cart.go:59.85,62.9 2 0
github.com/cubny/cart/internal/service/cart.go:70.2,71.9 2 0
github.com/cubny/cart/internal/service/cart.go:80.2,80.56 1 0
github.com/cubny/cart/internal/service/cart.go:84.2,84.12 1 0
github.com/cubny/cart/internal/service/cart.go:63.40,64.25 1 0
github.com/cubny/cart/internal/service/cart.go:65.18,66.13 1 0
github.com/cubny/cart/internal/service/cart.go:72.40,72.40 0 0
github.com/cubny/cart/internal/service/cart.go:73.18,74.13 1 0
github.com/cubny/cart/internal/service/cart.go:75.16,76.33 1 0
github.com/cubny/cart/internal/service/cart.go:80.56,82.3 1 0
github.com/cubny/cart/internal/service/cart.go:89.79,91.9 2 0
github.com/cubny/cart/internal/service/cart.go:99.2,100.9 2 0
github.com/cubny/cart/internal/service/cart.go:107.2,107.43 1 0
github.com/cubny/cart/internal/service/cart.go:92.40,93.25 1 0
github.com/cubny/cart/internal/service/cart.go:94.18,95.13 1 0
github.com/cubny/cart/internal/service/cart.go:101.40,102.25 1 0
github.com/cubny/cart/internal/service/cart.go:103.18,104.13 1 0
github.com/cubny/cart/internal/service/cart.go:112.78,115.9 2 0
github.com/cubny/cart/internal/service/cart.go:122.2,122.51 1 0
github.com/cubny/cart/internal/service/cart.go:116.40,117.25 1 0
github.com/cubny/cart/internal/service/cart.go:118.18,119.13 1 0
github.com/cubny/cart/internal/service/cart.go:126.97,129.2 1 0
github.com/cubny/cart/internal/handler/handler.go:35.78,37.9 1 0
github.com/cubny/cart/internal/handler/handler.go:44.2,60.15 11 0
github.com/cubny/cart/internal/handler/handler.go:38.25,39.52 1 0
github.com/cubny/cart/internal/handler/handler.go:40.22,41.48 1 0
github.com/cubny/cart/internal/handler/handler.go:63.87,66.2 2 0
github.com/cubny/cart/cmd/main.go:19.13,29.37 4 0
github.com/cubny/cart/cmd/main.go:34.2,35.16 2 0
github.com/cubny/cart/cmd/main.go:39.2,40.16 2 0
github.com/cubny/cart/cmd/main.go:44.2,44.14 1 0
github.com/cubny/cart/cmd/main.go:54.2,55.16 2 0
github.com/cubny/cart/cmd/main.go:59.2,61.16 3 0
github.com/cubny/cart/cmd/main.go:65.2,71.12 3 0
github.com/cubny/cart/cmd/main.go:85.2,87.62 2 0
github.com/cubny/cart/cmd/main.go:90.2,90.19 1 0
github.com/cubny/cart/cmd/main.go:29.37,31.3 1 0
github.com/cubny/cart/cmd/main.go:35.16,37.3 1 0
github.com/cubny/cart/cmd/main.go:40.16,42.3 1 0
github.com/cubny/cart/cmd/main.go:44.14,46.43 2 0
github.com/cubny/cart/cmd/main.go:49.3,51.13 3 0
github.com/cubny/cart/cmd/main.go:46.43,48.4 1 0
github.com/cubny/cart/cmd/main.go:55.16,57.3 1 0
github.com/cubny/cart/cmd/main.go:61.16,63.3 1 0
github.com/cubny/cart/cmd/main.go:71.12,79.47 7 0
github.com/cubny/cart/cmd/main.go:82.3,82.25 1 0
github.com/cubny/cart/cmd/main.go:79.47,80.14 1 0
github.com/cubny/cart/cmd/main.go:87.62,88.13 1 0
github.com/cubny/cart/cart.go:36.43,37.17 1 0
github.com/cubny/cart/cart.go:41.2,43.8 1 0
github.com/cubny/cart/cart.go:37.17,39.3 1 0
github.com/cubny/cart/internal/auth/client.go:26.20,45.2 2 0
github.com/cubny/cart/internal/auth/client.go:48.59,50.48 2 0
github.com/cubny/cart/internal/auth/client.go:54.2,54.17 1 0
github.com/cubny/cart/internal/auth/client.go:50.48,52.3 1 0
github.com/cubny/cart/internal/auth/client.go:58.93,62.34 1 0
github.com/cubny/cart/internal/auth/client.go:67.2,67.25 1 0
github.com/cubny/cart/internal/auth/client.go:62.34,63.32 1 0
github.com/cubny/cart/internal/auth/client.go:63.32,65.4 1 0
github.com/cubny/cart/internal/auth/client.go:71.65,73.2 1 0
github.com/cubny/cart/internal/tests/helper.go:34.66,50.9 10 0
github.com/cubny/cart/internal/tests/helper.go:57.2,57.53 1 0
github.com/cubny/cart/internal/tests/helper.go:51.56,52.50 1 0
github.com/cubny/cart/internal/tests/helper.go:53.57,54.68 1 0
github.com/cubny/cart/internal/tests/helper.go:60.30,63.2 2 0
github.com/cubny/cart/internal/storage/sqlite3/storage.go:19.45,21.16 2 0
github.com/cubny/cart/internal/storage/sqlite3/storage.go:24.2,24.30 1 0
github.com/cubny/cart/internal/storage/sqlite3/storage.go:21.16,23.3 1 0
github.com/cubny/cart/internal/storage/sqlite3/storage.go:27.33,29.2 1 0
github.com/cubny/cart/internal/storage/sqlite3/storage.go:31.74,33.16 2 0
github.com/cubny/cart/internal/storage/sqlite3/storage.go:37.2,42.16 5 0
github.com/cubny/cart/internal/storage/sqlite3/storage.go:46.2,47.16 2 0
github.com/cubny/cart/internal/storage/sqlite3/storage.go:51.2,51.12 1 0
github.com/cubny/cart/internal/storage/sqlite3/storage.go:33.16,35.3 1 0
github.com/cubny/cart/internal/storage/sqlite3/storage.go:42.16,44.3 1 0
github.com/cubny/cart/internal/storage/sqlite3/storage.go:47.16,49.3 1 0
github.com/cubny/cart/internal/storage/sqlite3/storage.go:54.90,56.16 2 0
github.com/cubny/cart/internal/storage/sqlite3/storage.go:60.2,63.16 3 0
github.com/cubny/cart/internal/storage/sqlite3/storage.go:66.2,68.17 2 0
github.com/cubny/cart/internal/storage/sqlite3/storage.go:75.2,75.39 1 0
github.com/cubny/cart/internal/storage/sqlite3/storage.go:56.16,58.3 1 0
github.com/cubny/cart/internal/storage/sqlite3/storage.go:63.16,65.3 1 0
github.com/cubny/cart/internal/storage/sqlite3/storage.go:68.17,69.81 1 0
github.com/cubny/cart/internal/storage/sqlite3/storage.go:72.3,72.16 1 0
github.com/cubny/cart/internal/storage/sqlite3/storage.go:69.81,71.4 1 0
github.com/cubny/cart/internal/storage/sqlite3/storage.go:78.105,80.16 2 0
github.com/cubny/cart/internal/storage/sqlite3/storage.go:84.2,87.16 3 0
github.com/cubny/cart/internal/storage/sqlite3/storage.go:90.2,92.17 2 0
github.com/cubny/cart/internal/storage/sqlite3/storage.go:108.2,108.39 1 0
github.com/cubny/cart/internal/storage/sqlite3/storage.go:80.16,82.3 1 0
github.com/cubny/cart/internal/storage/sqlite3/storage.go:87.16,89.3 1 0
github.com/cubny/cart/internal/storage/sqlite3/storage.go:92.17,102.17 2 0
github.com/cubny/cart/internal/storage/sqlite3/storage.go:105.3,105.19 1 0
github.com/cubny/cart/internal/storage/sqlite3/storage.go:102.17,104.4 1 0
github.com/cubny/cart/internal/storage/sqlite3/storage.go:111.74,113.16 2 0
github.com/cubny/cart/internal/storage/sqlite3/storage.go:117.2,129.16 5 0
github.com/cubny/cart/internal/storage/sqlite3/storage.go:133.2,134.16 2 0
github.com/cubny/cart/internal/storage/sqlite3/storage.go:138.2,138.12 1 0
github.com/cubny/cart/internal/storage/sqlite3/storage.go:113.16,115.3 1 0
github.com/cubny/cart/internal/storage/sqlite3/storage.go:129.16,131.3 1 0
github.com/cubny/cart/internal/storage/sqlite3/storage.go:134.16,136.3 1 0
github.com/cubny/cart/internal/storage/sqlite3/storage.go:141.82,143.16 2 0
github.com/cubny/cart/internal/storage/sqlite3/storage.go:147.2,150.16 3 0
github.com/cubny/cart/internal/storage/sqlite3/storage.go:153.2,155.17 2 0
github.com/cubny/cart/internal/storage/sqlite3/storage.go:171.2,171.39 1 0
github.com/cubny/cart/internal/storage/sqlite3/storage.go:143.16,145.3 1 0
github.com/cubny/cart/internal/storage/sqlite3/storage.go:150.16,152.3 1 0
github.com/cubny/cart/internal/storage/sqlite3/storage.go:155.17,165.17 2 0
github.com/cubny/cart/internal/storage/sqlite3/storage.go:168.3,168.19 1 0
github.com/cubny/cart/internal/storage/sqlite3/storage.go:165.17,167.4 1 0
github.com/cubny/cart/internal/storage/sqlite3/storage.go:174.71,177.2 2 0
github.com/cubny/cart/internal/storage/sqlite3/storage.go:179.80,182.2 2 0
github.com/cubny/cart/internal/tests/testdb/testdb.go:19.61,24.2 1 0
github.com/cubny/cart/internal/tests/testdb/testdb.go:27.34,28.44 1 0
github.com/cubny/cart/internal/tests/testdb/testdb.go:32.2,32.54 1 0
github.com/cubny/cart/internal/tests/testdb/testdb.go:36.2,36.12 1 0
github.com/cubny/cart/internal/tests/testdb/testdb.go:28.44,30.3 1 0
github.com/cubny/cart/internal/tests/testdb/testdb.go:32.54,34.3 1 0
github.com/cubny/cart/internal/tests/testdb/testdb.go:39.57,41.16 2 0
github.com/cubny/cart/internal/tests/testdb/testdb.go:44.2,44.18 1 0
github.com/cubny/cart/internal/tests/testdb/testdb.go:41.16,43.3 1 0
github.com/cubny/cart/internal/tests/testdb/testdb.go:47.65,54.72 2 0
github.com/cubny/cart/internal/tests/testdb/testdb.go:58.2,58.21 1 0
github.com/cubny/cart/internal/tests/testdb/testdb.go:54.72,56.3 1 0
github.com/cubny/cart/internal/tests/testdb/testdb.go:61.57,63.28 2 0
github.com/cubny/cart/internal/tests/testdb/testdb.go:75.2,75.12 1 0
github.com/cubny/cart/internal/tests/testdb/testdb.go:63.28,70.73 2 0
github.com/cubny/cart/internal/tests/testdb/testdb.go:70.73,72.4 1 0
github.com/cubny/cart/internal/handler/cart.go:19.91,21.16 2 0
github.com/cubny/cart/internal/handler/cart.go:26.2,27.9 2 0
github.com/cubny/cart/internal/handler/cart.go:37.2,38.53 2 0
github.com/cubny/cart/internal/handler/cart.go:21.16,24.3 2 0
github.com/cubny/cart/internal/handler/cart.go:28.36,30.9 2 0
github.com/cubny/cart/internal/handler/cart.go:31.18,34.9 3 0
github.com/cubny/cart/internal/handler/cart.go:38.53,41.3 2 0
github.com/cubny/cart/internal/handler/cart.go:46.88,48.16 2 0
github.com/cubny/cart/internal/handler/cart.go:53.2,54.16 2 0
github.com/cubny/cart/internal/handler/cart.go:59.2,64.64 2 0
github.com/cubny/cart/internal/handler/cart.go:69.2,77.9 3 0
github.com/cubny/cart/internal/handler/cart.go:89.2,90.56 2 0
github.com/cubny/cart/internal/handler/cart.go:48.16,51.3 2 0
github.com/cubny/cart/internal/handler/cart.go:54.16,57.3 2 0
github.com/cubny/cart/internal/handler/cart.go:64.64,67.3 2 0
github.com/cubny/cart/internal/handler/cart.go:78.38,80.9 2 0
github.com/cubny/cart/internal/handler/cart.go:81.46,83.9 2 0
github.com/cubny/cart/internal/handler/cart.go:84.18,86.9 2 0
github.com/cubny/cart/internal/handler/cart.go:90.56,93.3 2 0
github.com/cubny/cart/internal/handler/cart.go:98.91,100.16 2 0
github.com/cubny/cart/internal/handler/cart.go:105.2,106.16 2 0
github.com/cubny/cart/internal/handler/cart.go:111.2,112.9 2 0
github.com/cubny/cart/internal/handler/cart.go:124.2,124.37 1 0
github.com/cubny/cart/internal/handler/cart.go:100.16,103.3 2 0
github.com/cubny/cart/internal/handler/cart.go:106.16,109.3 2 0
github.com/cubny/cart/internal/handler/cart.go:113.38,115.9 2 0
github.com/cubny/cart/internal/handler/cart.go:116.38,118.9 2 0
github.com/cubny/cart/internal/handler/cart.go:119.18,121.58 2 0
github.com/cubny/cart/internal/handler/cart.go:129.90,136.16 2 0
github.com/cubny/cart/internal/handler/cart.go:141.2,142.16 2 0
github.com/cubny/cart/internal/handler/cart.go:147.2,148.9 2 0
github.com/cubny/cart/internal/handler/cart.go:158.2,158.37 1 0
github.com/cubny/cart/internal/handler/cart.go:136.16,139.3 2 0
github.com/cubny/cart/internal/handler/cart.go:142.16,145.3 2 0
github.com/cubny/cart/internal/handler/cart.go:149.38,151.9 2 0
github.com/cubny/cart/internal/handler/cart.go:152.18,155.9 3 0
github.com/cubny/cart/internal/handler/middleware.go:20.49,22.2 1 0
github.com/cubny/cart/internal/handler/middleware.go:33.81,36.2 2 0
github.com/cubny/cart/internal/handler/middleware.go:39.80,42.51 2 0
github.com/cubny/cart/internal/handler/middleware.go:53.2,53.15 1 0
github.com/cubny/cart/internal/handler/middleware.go:42.51,45.20 2 0
github.com/cubny/cart/internal/handler/middleware.go:50.3,50.30 1 0
github.com/cubny/cart/internal/handler/middleware.go:45.20,47.12 2 0
github.com/cubny/cart/internal/handler/middleware.go:57.86,59.2 1 0
github.com/cubny/cart/internal/handler/middleware.go:62.83,63.76 1 0
github.com/cubny/cart/internal/handler/middleware.go:63.76,66.16 2 0
github.com/cubny/cart/internal/handler/middleware.go:72.3,73.17 2 0
github.com/cubny/cart/internal/handler/middleware.go:78.3,79.17 2 0
github.com/cubny/cart/internal/handler/middleware.go:85.3,85.34 1 0
github.com/cubny/cart/internal/handler/middleware.go:66.16,69.4 2 0
github.com/cubny/cart/internal/handler/middleware.go:73.17,76.4 2 0
github.com/cubny/cart/internal/handler/middleware.go:79.17,83.4 3 0
github.com/cubny/cart/internal/handler/middleware.go:90.89,91.76 1 0
github.com/cubny/cart/internal/handler/middleware.go:91.76,94.3 2 0
github.com/cubny/cart/internal/ctxutil/ctxutil.go:17.100,18.9 1 9
github.com/cubny/cart/internal/ctxutil/ctxutil.go:27.2,27.68 1 9
github.com/cubny/cart/internal/ctxutil/ctxutil.go:19.18,20.48 1 0
github.com/cubny/cart/internal/ctxutil/ctxutil.go:21.24,22.51 1 0
github.com/cubny/cart/internal/ctxutil/ctxutil.go:23.33,24.51 1 0
github.com/cubny/cart/internal/ctxutil/ctxutil.go:31.72,33.9 2 9
github.com/cubny/cart/internal/ctxutil/ctxutil.go:37.2,37.37 1 9
github.com/cubny/cart/internal/ctxutil/ctxutil.go:41.2,41.33 1 9
github.com/cubny/cart/internal/ctxutil/ctxutil.go:33.9,35.3 1 0
github.com/cubny/cart/internal/ctxutil/ctxutil.go:37.37,39.3 1 0
github.com/cubny/cart/internal/storage/sqlite3/migrate.go:8.35,17.31 2 0
github.com/cubny/cart/internal/storage/sqlite3/migrate.go:23.2,23.12 1 0
github.com/cubny/cart/internal/storage/sqlite3/migrate.go:17.31,18.41 1 0
github.com/cubny/cart/internal/storage/sqlite3/migrate.go:18.41,20.4 1 0
github.com/cubny/cart/internal/storage/sqlite3/migrate.go:28.45,34.30 2 0
github.com/cubny/cart/internal/storage/sqlite3/migrate.go:39.2,39.12 1 0
github.com/cubny/cart/internal/storage/sqlite3/migrate.go:34.30,35.41 1 0
github.com/cubny/cart/internal/storage/sqlite3/migrate.go:35.41,37.4 1 0
github.com/cubny/cart/internal/storage/sqlite3/storage.go:19.45,21.16 2 0
github.com/cubny/cart/internal/storage/sqlite3/storage.go:24.2,24.30 1 0
github.com/cubny/cart/internal/storage/sqlite3/storage.go:21.16,23.3 1 0
github.com/cubny/cart/internal/storage/sqlite3/storage.go:27.33,29.2 1 0
github.com/cubny/cart/internal/storage/sqlite3/storage.go:31.74,33.16 2 0
github.com/cubny/cart/internal/storage/sqlite3/storage.go:37.2,42.16 5 0
github.com/cubny/cart/internal/storage/sqlite3/storage.go:46.2,47.16 2 0
github.com/cubny/cart/internal/storage/sqlite3/storage.go:51.2,51.12 1 0
github.com/cubny/cart/internal/storage/sqlite3/storage.go:33.16,35.3 1 0
github.com/cubny/cart/internal/storage/sqlite3/storage.go:42.16,44.3 1 0
github.com/cubny/cart/internal/storage/sqlite3/storage.go:47.16,49.3 1 0
github.com/cubny/cart/internal/storage/sqlite3/storage.go:54.90,56.16 2 0
github.com/cubny/cart/internal/storage/sqlite3/storage.go:60.2,63.16 3 0
github.com/cubny/cart/internal/storage/sqlite3/storage.go:66.2,68.17 2 0
github.com/cubny/cart/internal/storage/sqlite3/storage.go:75.2,75.39 1 0
github.com/cubny/cart/internal/storage/sqlite3/storage.go:56.16,58.3 1 0
github.com/cubny/cart/internal/storage/sqlite3/storage.go:63.16,65.3 1 0
github.com/cubny/cart/internal/storage/sqlite3/storage.go:68.17,69.81 1 0
github.com/cubny/cart/internal/storage/sqlite3/storage.go:72.3,72.16 1 0
github.com/cubny/cart/internal/storage/sqlite3/storage.go:69.81,71.4 1 0
github.com/cubny/cart/internal/storage/sqlite3/storage.go:78.105,80.16 2 0
github.com/cubny/cart/internal/storage/sqlite3/storage.go:84.2,87.16 3 0
github.com/cubny/cart/internal/storage/sqlite3/storage.go:90.2,92.17 2 0
github.com/cubny/cart/internal/storage/sqlite3/storage.go:108.2,108.39 1 0
github.com/cubny/cart/internal/storage/sqlite3/storage.go:80.16,82.3 1 0
github.com/cubny/cart/internal/storage/sqlite3/storage.go:87.16,89.3 1 0
github.com/cubny/cart/internal/storage/sqlite3/storage.go:92.17,102.17 2 0
github.com/cubny/cart/internal/storage/sqlite3/storage.go:105.3,105.19 1 0
github.com/cubny/cart/internal/storage/sqlite3/storage.go:102.17,104.4 1 0
github.com/cubny/cart/internal/storage/sqlite3/storage.go:111.74,113.16 2 0
github.com/cubny/cart/internal/storage/sqlite3/storage.go:117.2,129.16 5 0
github.com/cubny/cart/internal/storage/sqlite3/storage.go:133.2,134.16 2 0
github.com/cubny/cart/internal/storage/sqlite3/storage.go:138.2,138.12 1 0
github.com/cubny/cart/internal/storage/sqlite3/storage.go:113.16,115.3 1 0
github.com/cubny/cart/internal/storage/sqlite3/storage.go:129.16,131.3 1 0
github.com/cubny/cart/internal/storage/sqlite3/storage.go:134.16,136.3 1 0
github.com/cubny/cart/internal/storage/sqlite3/storage.go:141.82,143.16 2 0
github.com/cubny/cart/internal/storage/sqlite3/storage.go:147.2,150.16 3 0
github.com/cubny/cart/internal/storage/sqlite3/storage.go:153.2,155.17 2 0
github.com/cubny/cart/internal/storage/sqlite3/storage.go:171.2,171.39 1 0
github.com/cubny/cart/internal/storage/sqlite3/storage.go:143.16,145.3 1 0
github.com/cubny/cart/internal/storage/sqlite3/storage.go:150.16,152.3 1 0
github.com/cubny/cart/internal/storage/sqlite3/storage.go:155.17,165.17 2 0
github.com/cubny/cart/internal/storage/sqlite3/storage.go:168.3,168.19 1 0
github.com/cubny/cart/internal/storage/sqlite3/storage.go:165.17,167.4 1 0
github.com/cubny/cart/internal/storage/sqlite3/storage.go:174.71,177.2 2 0
github.com/cubny/cart/internal/storage/sqlite3/storage.go:179.80,182.2 2 0
github.com/cubny/cart/internal/tests/helper.go:34.66,50.9 10 10
github.com/cubny/cart/internal/tests/helper.go:57.2,57.53 1 10
github.com/cubny/cart/internal/tests/helper.go:51.56,52.50 1 7
github.com/cubny/cart/internal/tests/helper.go:53.57,54.68 1 0
github.com/cubny/cart/internal/tests/helper.go:60.30,63.2 2 7
github.com/cubny/cart/internal/tests/testdb/testdb.go:19.61,24.2 1 0
github.com/cubny/cart/internal/tests/testdb/testdb.go:27.34,28.44 1 0
github.com/cubny/cart/internal/tests/testdb/testdb.go:32.2,32.54 1 0
github.com/cubny/cart/internal/tests/testdb/testdb.go:36.2,36.12 1 0
github.com/cubny/cart/internal/tests/testdb/testdb.go:28.44,30.3 1 0
github.com/cubny/cart/internal/tests/testdb/testdb.go:32.54,34.3 1 0
github.com/cubny/cart/internal/tests/testdb/testdb.go:39.57,41.16 2 0
github.com/cubny/cart/internal/tests/testdb/testdb.go:44.2,44.18 1 0
github.com/cubny/cart/internal/tests/testdb/testdb.go:41.16,43.3 1 0
github.com/cubny/cart/internal/tests/testdb/testdb.go:47.65,54.72 2 0
github.com/cubny/cart/internal/tests/testdb/testdb.go:58.2,58.21 1 0
github.com/cubny/cart/internal/tests/testdb/testdb.go:54.72,56.3 1 0
github.com/cubny/cart/internal/tests/testdb/testdb.go:61.57,63.28 2 0
github.com/cubny/cart/internal/tests/testdb/testdb.go:75.2,75.12 1 0
github.com/cubny/cart/internal/tests/testdb/testdb.go:63.28,70.73 2 0
github.com/cubny/cart/internal/tests/testdb/testdb.go:70.73,72.4 1 0
github.com/cubny/cart/internal/handler/handler.go:35.78,37.9 1 10
github.com/cubny/cart/internal/handler/handler.go:44.2,60.15 11 10
github.com/cubny/cart/internal/handler/handler.go:38.25,39.52 1 0
github.com/cubny/cart/internal/handler/handler.go:40.22,41.48 1 0
github.com/cubny/cart/internal/handler/handler.go:63.87,66.2 2 0
github.com/cubny/cart/cart.go:36.43,37.17 1 0
github.com/cubny/cart/cart.go:41.2,43.8 1 0
github.com/cubny/cart/cart.go:37.17,39.3 1 0
github.com/cubny/cart/internal/jsonerror/jsonerror.go:32.57,36.19 2 6
github.com/cubny/cart/internal/jsonerror/jsonerror.go:52.2,52.19 1 6
github.com/cubny/cart/internal/jsonerror/jsonerror.go:56.2,56.10 1 6
github.com/cubny/cart/internal/jsonerror/jsonerror.go:37.24,38.31 1 1
github.com/cubny/cart/internal/jsonerror/jsonerror.go:39.21,40.28 1 0
github.com/cubny/cart/internal/jsonerror/jsonerror.go:41.23,42.36 1 1
github.com/cubny/cart/internal/jsonerror/jsonerror.go:43.24,44.31 1 1
github.com/cubny/cart/internal/jsonerror/jsonerror.go:45.19,46.26 1 3
github.com/cubny/cart/internal/jsonerror/jsonerror.go:47.10,49.30 2 0
github.com/cubny/cart/internal/jsonerror/jsonerror.go:52.19,54.3 1 6
github.com/cubny/cart/internal/jsonerror/jsonerror.go:59.71,70.2 4 6
github.com/cubny/cart/internal/jsonerror/jsonerror.go:73.65,75.2 1 1
github.com/cubny/cart/internal/jsonerror/jsonerror.go:78.64,80.2 1 1
github.com/cubny/cart/internal/jsonerror/jsonerror.go:83.62,85.2 1 0
github.com/cubny/cart/internal/jsonerror/jsonerror.go:88.65,90.2 1 1
github.com/cubny/cart/internal/jsonerror/jsonerror.go:93.60,95.2 1 3
github.com/cubny/cart/cmd/main.go:19.13,29.37 4 0
github.com/cubny/cart/cmd/main.go:34.2,35.16 2 0
github.com/cubny/cart/cmd/main.go:39.2,40.16 2 0
github.com/cubny/cart/cmd/main.go:44.2,44.14 1 0
github.com/cubny/cart/cmd/main.go:54.2,55.16 2 0
github.com/cubny/cart/cmd/main.go:59.2,61.16 3 0
github.com/cubny/cart/cmd/main.go:65.2,71.12 3 0
github.com/cubny/cart/cmd/main.go:85.2,87.62 2 0
github.com/cubny/cart/cmd/main.go:90.2,90.19 1 0
github.com/cubny/cart/cmd/main.go:29.37,31.3 1 0
github.com/cubny/cart/cmd/main.go:35.16,37.3 1 0
github.com/cubny/cart/cmd/main.go:40.16,42.3 1 0
github.com/cubny/cart/cmd/main.go:44.14,46.43 2 0
github.com/cubny/cart/cmd/main.go:49.3,51.13 3 0
github.com/cubny/cart/cmd/main.go:46.43,48.4 1 0
github.com/cubny/cart/cmd/main.go:55.16,57.3 1 0
github.com/cubny/cart/cmd/main.go:61.16,63.3 1 0
github.com/cubny/cart/cmd/main.go:71.12,79.47 7 0
github.com/cubny/cart/cmd/main.go:82.3,82.25 1 0
github.com/cubny/cart/cmd/main.go:79.47,80.14 1 0
github.com/cubny/cart/cmd/main.go:87.62,88.13 1 0
github.com/cubny/cart/internal/handler/cart.go:19.91,21.16 2 1
github.com/cubny/cart/internal/handler/cart.go:26.2,27.9 2 1
github.com/cubny/cart/internal/handler/cart.go:37.2,38.53 2 1
github.com/cubny/cart/internal/handler/cart.go:21.16,24.3 2 0
github.com/cubny/cart/internal/handler/cart.go:28.36,30.9 2 0
github.com/cubny/cart/internal/handler/cart.go:31.18,34.9 3 0
github.com/cubny/cart/internal/handler/cart.go:38.53,41.3 2 0
github.com/cubny/cart/internal/handler/cart.go:46.88,48.16 2 2
github.com/cubny/cart/internal/handler/cart.go:53.2,54.16 2 2
github.com/cubny/cart/internal/handler/cart.go:59.2,64.64 2 2
github.com/cubny/cart/internal/handler/cart.go:69.2,77.9 3 2
github.com/cubny/cart/internal/handler/cart.go:89.2,90.56 2 1
github.com/cubny/cart/internal/handler/cart.go:48.16,51.3 2 0
github.com/cubny/cart/internal/handler/cart.go:54.16,57.3 2 0
github.com/cubny/cart/internal/handler/cart.go:64.64,67.3 2 0
github.com/cubny/cart/internal/handler/cart.go:78.38,80.9 2 1
github.com/cubny/cart/internal/handler/cart.go:81.46,83.9 2 0
github.com/cubny/cart/internal/handler/cart.go:84.18,86.9 2 0
github.com/cubny/cart/internal/handler/cart.go:90.56,93.3 2 0
github.com/cubny/cart/internal/handler/cart.go:98.91,100.16 2 2
github.com/cubny/cart/internal/handler/cart.go:105.2,106.16 2 2
github.com/cubny/cart/internal/handler/cart.go:111.2,112.9 2 2
github.com/cubny/cart/internal/handler/cart.go:124.2,124.37 1 1
github.com/cubny/cart/internal/handler/cart.go:100.16,103.3 2 0
github.com/cubny/cart/internal/handler/cart.go:106.16,109.3 2 0
github.com/cubny/cart/internal/handler/cart.go:113.38,115.9 2 1
github.com/cubny/cart/internal/handler/cart.go:116.38,118.9 2 0
github.com/cubny/cart/internal/handler/cart.go:119.18,121.58 2 0
github.com/cubny/cart/internal/handler/cart.go:129.90,136.16 2 4
github.com/cubny/cart/internal/handler/cart.go:141.2,142.16 2 4
github.com/cubny/cart/internal/handler/cart.go:147.2,148.9 2 3
github.com/cubny/cart/internal/handler/cart.go:158.2,158.37 1 1
github.com/cubny/cart/internal/handler/cart.go:136.16,139.3 2 0
github.com/cubny/cart/internal/handler/cart.go:142.16,145.3 2 1
github.com/cubny/cart/internal/handler/cart.go:149.38,151.9 2 1
github.com/cubny/cart/internal/handler/cart.go:152.18,155.9 3 1
github.com/cubny/cart/internal/auth/client.go:26.20,45.2 2 0
github.com/cubny/cart/internal/auth/client.go:48.59,50.48 2 10
github.com/cubny/cart/internal/auth/client.go:54.2,54.17 1 10
github.com/cubny/cart/internal/auth/client.go:50.48,52.3 1 0
github.com/cubny/cart/internal/auth/client.go:58.93,62.34 1 0
github.com/cubny/cart/internal/auth/client.go:67.2,67.25 1 0
github.com/cubny/cart/internal/auth/client.go:62.34,63.32 1 0
github.com/cubny/cart/internal/auth/client.go:63.32,65.4 1 0
github.com/cubny/cart/internal/auth/client.go:71.65,73.2 1 10
github.com/cubny/cart/internal/service/cart.go:35.40,37.2 1 0
github.com/cubny/cart/internal/service/cart.go:43.85,45.16 2 0
github.com/cubny/cart/internal/service/cart.go:49.2,49.56 1 0
github.com/cubny/cart/internal/service/cart.go:53.2,53.18 1 0
github.com/cubny/cart/internal/service/cart.go:45.16,47.3 1 0
github.com/cubny/cart/internal/service/cart.go:49.56,51.3 1 0
github.com/cubny/cart/internal/service/cart.go:59.85,62.9 2 0
github.com/cubny/cart/internal/service/cart.go:70.2,71.9 2 0
github.com/cubny/cart/internal/service/cart.go:80.2,80.56 1 0
github.com/cubny/cart/internal/service/cart.go:84.2,84.12 1 0
github.com/cubny/cart/internal/service/cart.go:63.40,64.25 1 0
github.com/cubny/cart/internal/service/cart.go:65.18,66.13 1 0
github.com/cubny/cart/internal/service/cart.go:72.40,72.40 0 0
github.com/cubny/cart/internal/service/cart.go:73.18,74.13 1 0
github.com/cubny/cart/internal/service/cart.go:75.16,76.33 1 0
github.com/cubny/cart/internal/service/cart.go:80.56,82.3 1 0
github.com/cubny/cart/internal/service/cart.go:89.79,91.9 2 0
github.com/cubny/cart/internal/service/cart.go:99.2,100.9 2 0
github.com/cubny/cart/internal/service/cart.go:107.2,107.43 1 0
github.com/cubny/cart/internal/service/cart.go:92.40,93.25 1 0
github.com/cubny/cart/internal/service/cart.go:94.18,95.13 1 0
github.com/cubny/cart/internal/service/cart.go:101.40,102.25 1 0
github.com/cubny/cart/internal/service/cart.go:103.18,104.13 1 0
github.com/cubny/cart/internal/service/cart.go:112.78,115.9 2 0
github.com/cubny/cart/internal/service/cart.go:122.2,122.51 1 0
github.com/cubny/cart/internal/service/cart.go:116.40,117.25 1 0
github.com/cubny/cart/internal/service/cart.go:118.18,119.13 1 0
github.com/cubny/cart/internal/service/cart.go:126.97,129.2 1 0
github.com/cubny/cart/internal/handler/middleware.go:20.49,22.2 1 10
github.com/cubny/cart/internal/handler/middleware.go:33.81,36.2 2 0
github.com/cubny/cart/internal/handler/middleware.go:39.80,42.51 2 40
github.com/cubny/cart/internal/handler/middleware.go:53.2,53.15 1 40
github.com/cubny/cart/internal/handler/middleware.go:42.51,45.20 2 80
github.com/cubny/cart/internal/handler/middleware.go:50.3,50.30 1 80
github.com/cubny/cart/internal/handler/middleware.go:45.20,47.12 2 0
github.com/cubny/cart/internal/handler/middleware.go:57.86,59.2 1 10
github.com/cubny/cart/internal/handler/middleware.go:62.83,63.76 1 40
github.com/cubny/cart/internal/handler/middleware.go:63.76,66.16 2 10
github.com/cubny/cart/internal/handler/middleware.go:72.3,73.17 2 10
github.com/cubny/cart/internal/handler/middleware.go:78.3,79.17 2 9
github.com/cubny/cart/internal/handler/middleware.go:85.3,85.34 1 9
github.com/cubny/cart/internal/handler/middleware.go:66.16,69.4 2 0
github.com/cubny/cart/internal/handler/middleware.go:73.17,76.4 2 1
github.com/cubny/cart/internal/handler/middleware.go:79.17,83.4 3 0
github.com/cubny/cart/internal/handler/middleware.go:90.89,91.76 1 40
github.com/cubny/cart/internal/handler/middleware.go:91.76,94.3 2 10
github.com/cubny/cart/internal/ctxutil/ctxutil.go:17.100,18.9 1 0
github.com/cubny/cart/internal/ctxutil/ctxutil.go:27.2,27.68 1 0
github.com/cubny/cart/internal/ctxutil/ctxutil.go:19.18,20.48 1 0
github.com/cubny/cart/internal/ctxutil/ctxutil.go:21.24,22.51 1 0
github.com/cubny/cart/internal/ctxutil/ctxutil.go:23.33,24.51 1 0
github.com/cubny/cart/internal/ctxutil/ctxutil.go:31.72,33.9 2 0
github.com/cubny/cart/internal/ctxutil/ctxutil.go:37.2,37.37 1 0
github.com/cubny/cart/internal/ctxutil/ctxutil.go:41.2,41.33 1 0
github.com/cubny/cart/internal/ctxutil/ctxutil.go:33.9,35.3 1 0
github.com/cubny/cart/internal/ctxutil/ctxutil.go:37.37,39.3 1 0
github.com/cubny/cart/internal/storage/sqlite3/storage.go:19.45,21.16 2 0
github.com/cubny/cart/internal/storage/sqlite3/storage.go:24.2,24.30 1 0
github.com/cubny/cart/internal/storage/sqlite3/storage.go:21.16,23.3 1 0
github.com/cubny/cart/internal/storage/sqlite3/storage.go:27.33,29.2 1 0
github.com/cubny/cart/internal/storage/sqlite3/storage.go:31.74,33.16 2 0
github.com/cubny/cart/internal/storage/sqlite3/storage.go:37.2,42.16 5 0
github.com/cubny/cart/internal/storage/sqlite3/storage.go:46.2,47.16 2 0
github.com/cubny/cart/internal/storage/sqlite3/storage.go:51.2,51.12 1 0
github.com/cubny/cart/internal/storage/sqlite3/storage.go:33.16,35.3 1 0
github.com/cubny/cart/internal/storage/sqlite3/storage.go:42.16,44.3 1 0
github.com/cubny/cart/internal/storage/sqlite3/storage.go:47.16,49.3 1 0
github.com/cubny/cart/internal/storage/sqlite3/storage.go:54.90,56.16 2 0
github.com/cubny/cart/internal/storage/sqlite3/storage.go:60.2,63.16 3 0
github.com/cubny/cart/internal/storage/sqlite3/storage.go:66.2,68.17 2 0
github.com/cubny/cart/internal/storage/sqlite3/storage.go:75.2,75.39 1 0
github.com/cubny/cart/internal/storage/sqlite3/storage.go:56.16,58.3 1 0
github.com/cubny/cart/internal/storage/sqlite3/storage.go:63.16,65.3 1 0
github.com/cubny/cart/internal/storage/sqlite3/storage.go:68.17,69.81 1 0
github.com/cubny/cart/internal/storage/sqlite3/storage.go:72.3,72.16 1 0
github.com/cubny/cart/internal/storage/sqlite3/storage.go:69.81,71.4 1 0
github.com/cubny/cart/internal/storage/sqlite3/storage.go:78.105,80.16 2 0
github.com/cubny/cart/internal/storage/sqlite3/storage.go:84.2,87.16 3 0
github.com/cubny/cart/internal/storage/sqlite3/storage.go:90.2,92.17 2 0
github.com/cubny/cart/internal/storage/sqlite3/storage.go:108.2,108.39 1 0
github.com/cubny/cart/internal/storage/sqlite3/storage.go:80.16,82.3 1 0
github.com/cubny/cart/internal/storage/sqlite3/storage.go:87.16,89.3 1 0
github.com/cubny/cart/internal/storage/sqlite3/storage.go:92.17,102.17 2 0
github.com/cubny/cart/internal/storage/sqlite3/storage.go:105.3,105.19 1 0
github.com/cubny/cart/internal/storage/sqlite3/storage.go:102.17,104.4 1 0
github.com/cubny/cart/internal/storage/sqlite3/storage.go:111.74,113.16 2 0
github.com/cubny/cart/internal/storage/sqlite3/storage.go:117.2,129.16 5 0
github.com/cubny/cart/internal/storage/sqlite3/storage.go:133.2,134.16 2 0
github.com/cubny/cart/internal/storage/sqlite3/storage.go:138.2,138.12 1 0
github.com/cubny/cart/internal/storage/sqlite3/storage.go:113.16,115.3 1 0
github.com/cubny/cart/internal/storage/sqlite3/storage.go:129.16,131.3 1 0
github.com/cubny/cart/internal/storage/sqlite3/storage.go:134.16,136.3 1 0
github.com/cubny/cart/internal/storage/sqlite3/storage.go:141.82,143.16 2 0
github.com/cubny/cart/internal/storage/sqlite3/storage.go:147.2,150.16 3 0
github.com/cubny/cart/internal/storage/sqlite3/storage.go:153.2,155.17 2 0
github.com/cubny/cart/internal/storage/sqlite3/storage.go:171.2,171.39 1 0
github.com/cubny/cart/internal/storage/sqlite3/storage.go:143.16,145.3 1 0
github.com/cubny/cart/internal/storage/sqlite3/storage.go:150.16,152.3 1 0
github.com/cubny/cart/internal/storage/sqlite3/storage.go:155.17,165.17 2 0
github.com/cubny/cart/internal/storage/sqlite3/storage.go:168.3,168.19 1 0
github.com/cubny/cart/internal/storage/sqlite3/storage.go:165.17,167.4 1 0
github.com/cubny/cart/internal/storage/sqlite3/storage.go:174.71,177.2 2 0
github.com/cubny/cart/internal/storage/sqlite3/storage.go:179.80,182.2 2 0
github.com/cubny/cart/cmd/main.go:19.13,29.37 4 0
github.com/cubny/cart/cmd/main.go:34.2,35.16 2 0
github.com/cubny/cart/cmd/main.go:39.2,40.16 2 0
github.com/cubny/cart/cmd/main.go:44.2,44.14 1 0
github.com/cubny/cart/cmd/main.go:54.2,55.16 2 0
github.com/cubny/cart/cmd/main.go:59.2,61.16 3 0
github.com/cubny/cart/cmd/main.go:65.2,71.12 3 0
github.com/cubny/cart/cmd/main.go:85.2,87.62 2 0
github.com/cubny/cart/cmd/main.go:90.2,90.19 1 0
github.com/cubny/cart/cmd/main.go:29.37,31.3 1 0
github.com/cubny/cart/cmd/main.go:35.16,37.3 1 0
github.com/cubny/cart/cmd/main.go:40.16,42.3 1 0
github.com/cubny/cart/cmd/main.go:44.14,46.43 2 0
github.com/cubny/cart/cmd/main.go:49.3,51.13 3 0
github.com/cubny/cart/cmd/main.go:46.43,48.4 1 0
github.com/cubny/cart/cmd/main.go:55.16,57.3 1 0
github.com/cubny/cart/cmd/main.go:61.16,63.3 1 0
github.com/cubny/cart/cmd/main.go:71.12,79.47 7 0
github.com/cubny/cart/cmd/main.go:82.3,82.25 1 0
github.com/cubny/cart/cmd/main.go:79.47,80.14 1 0
github.com/cubny/cart/cmd/main.go:87.62,88.13 1 0
github.com/cubny/cart/internal/jsonerror/jsonerror.go:32.57,36.19 2 5
github.com/cubny/cart/internal/jsonerror/jsonerror.go:52.2,52.19 1 5
github.com/cubny/cart/internal/jsonerror/jsonerror.go:56.2,56.10 1 5
github.com/cubny/cart/internal/jsonerror/jsonerror.go:37.24,38.31 1 1
github.com/cubny/cart/internal/jsonerror/jsonerror.go:39.21,40.28 1 1
github.com/cubny/cart/internal/jsonerror/jsonerror.go:41.23,42.36 1 1
github.com/cubny/cart/internal/jsonerror/jsonerror.go:43.24,44.31 1 1
github.com/cubny/cart/internal/jsonerror/jsonerror.go:45.19,46.26 1 1
github.com/cubny/cart/internal/jsonerror/jsonerror.go:47.10,49.30 2 0
github.com/cubny/cart/internal/jsonerror/jsonerror.go:52.19,54.3 1 5
github.com/cubny/cart/internal/jsonerror/jsonerror.go:59.71,70.2 4 5
github.com/cubny/cart/internal/jsonerror/jsonerror.go:73.65,75.2 1 1
github.com/cubny/cart/internal/jsonerror/jsonerror.go:78.64,80.2 1 1
github.com/cubny/cart/internal/jsonerror/jsonerror.go:83.62,85.2 1 1
github.com/cubny/cart/internal/jsonerror/jsonerror.go:88.65,90.2 1 1
github.com/cubny/cart/internal/jsonerror/jsonerror.go:93.60,95.2 1 1
github.com/cubny/cart/cart.go:36.43,37.17 1 0
github.com/cubny/cart/cart.go:41.2,43.8 1 0
github.com/cubny/cart/cart.go:37.17,39.3 1 0
github.com/cubny/cart/internal/handler/handler.go:35.78,37.9 1 0
github.com/cubny/cart/internal/handler/handler.go:44.2,60.15 11 0
github.com/cubny/cart/internal/handler/handler.go:38.25,39.52 1 0
github.com/cubny/cart/internal/handler/handler.go:40.22,41.48 1 0
github.com/cubny/cart/internal/handler/handler.go:63.87,66.2 2 0
github.com/cubny/cart/internal/tests/testdb/testdb.go:19.61,24.2 1 0
github.com/cubny/cart/internal/tests/testdb/testdb.go:27.34,28.44 1 0
github.com/cubny/cart/internal/tests/testdb/testdb.go:32.2,32.54 1 0
github.com/cubny/cart/internal/tests/testdb/testdb.go:36.2,36.12 1 0
github.com/cubny/cart/internal/tests/testdb/testdb.go:28.44,30.3 1 0
github.com/cubny/cart/internal/tests/testdb/testdb.go:32.54,34.3 1 0
github.com/cubny/cart/internal/tests/testdb/testdb.go:39.57,41.16 2 0
github.com/cubny/cart/internal/tests/testdb/testdb.go:44.2,44.18 1 0
github.com/cubny/cart/internal/tests/testdb/testdb.go:41.16,43.3 1 0
github.com/cubny/cart/internal/tests/testdb/testdb.go:47.65,54.72 2 0
github.com/cubny/cart/internal/tests/testdb/testdb.go:58.2,58.21 1 0
github.com/cubny/cart/internal/tests/testdb/testdb.go:54.72,56.3 1 0
github.com/cubny/cart/internal/tests/testdb/testdb.go:61.57,63.28 2 0
github.com/cubny/cart/internal/tests/testdb/testdb.go:75.2,75.12 1 0
github.com/cubny/cart/internal/tests/testdb/testdb.go:63.28,70.73 2 0
github.com/cubny/cart/internal/tests/testdb/testdb.go:70.73,72.4 1 0
github.com/cubny/cart/internal/storage/sqlite3/migrate.go:8.35,17.31 2 0
github.com/cubny/cart/internal/storage/sqlite3/migrate.go:23.2,23.12 1 0
github.com/cubny/cart/internal/storage/sqlite3/migrate.go:17.31,18.41 1 0
github.com/cubny/cart/internal/storage/sqlite3/migrate.go:18.41,20.4 1 0
github.com/cubny/cart/internal/storage/sqlite3/migrate.go:28.45,34.30 2 0
github.com/cubny/cart/internal/storage/sqlite3/migrate.go:39.2,39.12 1 0
github.com/cubny/cart/internal/storage/sqlite3/migrate.go:34.30,35.41 1 0
github.com/cubny/cart/internal/storage/sqlite3/migrate.go:35.41,37.4 1 0
github.com/cubny/cart/internal/tests/helper.go:34.66,50.9 10 0
github.com/cubny/cart/internal/tests/helper.go:57.2,57.53 1 0
github.com/cubny/cart/internal/tests/helper.go:51.56,52.50 1 0
github.com/cubny/cart/internal/tests/helper.go:53.57,54.68 1 0
github.com/cubny/cart/internal/tests/helper.go:60.30,63.2 2 0
github.com/cubny/cart/internal/auth/client.go:26.20,45.2 2 0
github.com/cubny/cart/internal/auth/client.go:48.59,50.48 2 0
github.com/cubny/cart/internal/auth/client.go:54.2,54.17 1 0
github.com/cubny/cart/internal/auth/client.go:50.48,52.3 1 0
github.com/cubny/cart/internal/auth/client.go:58.93,62.34 1 0
github.com/cubny/cart/internal/auth/client.go:67.2,67.25 1 0
github.com/cubny/cart/internal/auth/client.go:62.34,63.32 1 0
github.com/cubny/cart/internal/auth/client.go:63.32,65.4 1 0
github.com/cubny/cart/internal/auth/client.go:71.65,73.2 1 0
github.com/cubny/cart/internal/service/cart.go:35.40,37.2 1 0
github.com/cubny/cart/internal/service/cart.go:43.85,45.16 2 0
github.com/cubny/cart/internal/service/cart.go:49.2,49.56 1 0
github.com/cubny/cart/internal/service/cart.go:53.2,53.18 1 0
github.com/cubny/cart/internal/service/cart.go:45.16,47.3 1 0
github.com/cubny/cart/internal/service/cart.go:49.56,51.3 1 0
github.com/cubny/cart/internal/service/cart.go:59.85,62.9 2 0
github.com/cubny/cart/internal/service/cart.go:70.2,71.9 2 0
github.com/cubny/cart/internal/service/cart.go:80.2,80.56 1 0
github.com/cubny/cart/internal/service/cart.go:84.2,84.12 1 0
github.com/cubny/cart/internal/service/cart.go:63.40,64.25 1 0
github.com/cubny/cart/internal/service/cart.go:65.18,66.13 1 0
github.com/cubny/cart/internal/service/cart.go:72.40,72.40 0 0
github.com/cubny/cart/internal/service/cart.go:73.18,74.13 1 0
github.com/cubny/cart/internal/service/cart.go:75.16,76.33 1 0
github.com/cubny/cart/internal/service/cart.go:80.56,82.3 1 0
github.com/cubny/cart/internal/service/cart.go:89.79,91.9 2 0
github.com/cubny/cart/internal/service/cart.go:99.2,100.9 2 0
github.com/cubny/cart/internal/service/cart.go:107.2,107.43 1 0
github.com/cubny/cart/internal/service/cart.go:92.40,93.25 1 0
github.com/cubny/cart/internal/service/cart.go:94.18,95.13 1 0
github.com/cubny/cart/internal/service/cart.go:101.40,102.25 1 0
github.com/cubny/cart/internal/service/cart.go:103.18,104.13 1 0
github.com/cubny/cart/internal/service/cart.go:112.78,115.9 2 0
github.com/cubny/cart/internal/service/cart.go:122.2,122.51 1 0
github.com/cubny/cart/internal/service/cart.go:116.40,117.25 1 0
github.com/cubny/cart/internal/service/cart.go:118.18,119.13 1 0
github.com/cubny/cart/internal/service/cart.go:126.97,129.2 1 0
github.com/cubny/cart/internal/handler/cart.go:19.91,21.16 2 0
github.com/cubny/cart/internal/handler/cart.go:26.2,27.9 2 0
github.com/cubny/cart/internal/handler/cart.go:37.2,38.53 2 0
github.com/cubny/cart/internal/handler/cart.go:21.16,24.3 2 0
github.com/cubny/cart/internal/handler/cart.go:28.36,30.9 2 0
github.com/cubny/cart/internal/handler/cart.go:31.18,34.9 3 0
github.com/cubny/cart/internal/handler/cart.go:38.53,41.3 2 0
github.com/cubny/cart/internal/handler/cart.go:46.88,48.16 2 0
github.com/cubny/cart/internal/handler/cart.go:53.2,54.16 2 0
github.com/cubny/cart/internal/handler/cart.go:59.2,64.64 2 0
github.com/cubny/cart/internal/handler/cart.go:69.2,77.9 3 0
github.com/cubny/cart/internal/handler/cart.go:89.2,90.56 2 0
github.com/cubny/cart/internal/handler/cart.go:48.16,51.3 2 0
github.com/cubny/cart/internal/handler/cart.go:54.16,57.3 2 0
github.com/cubny/cart/internal/handler/cart.go:64.64,67.3 2 0
github.com/cubny/cart/internal/handler/cart.go:78.38,80.9 2 0
github.com/cubny/cart/internal/handler/cart.go:81.46,83.9 2 0
github.com/cubny/cart/internal/handler/cart.go:84.18,86.9 2 0
github.com/cubny/cart/internal/handler/cart.go:90.56,93.3 2 0
github.com/cubny/cart/internal/handler/cart.go:98.91,100.16 2 0
github.com/cubny/cart/internal/handler/cart.go:105.2,106.16 2 0
github.com/cubny/cart/internal/handler/cart.go:111.2,112.9 2 0
github.com/cubny/cart/internal/handler/cart.go:124.2,124.37 1 0
github.com/cubny/cart/internal/handler/cart.go:100.16,103.3 2 0
github.com/cubny/cart/internal/handler/cart.go:106.16,109.3 2 0
github.com/cubny/cart/internal/handler/cart.go:113.38,115.9 2 0
github.com/cubny/cart/internal/handler/cart.go:116.38,118.9 2 0
github.com/cubny/cart/internal/handler/cart.go:119.18,121.58 2 0
github.com/cubny/cart/internal/handler/cart.go:129.90,136.16 2 0
github.com/cubny/cart/internal/handler/cart.go:141.2,142.16 2 0
github.com/cubny/cart/internal/handler/cart.go:147.2,148.9 2 0
github.com/cubny/cart/internal/handler/cart.go:158.2,158.37 1 0
github.com/cubny/cart/internal/handler/cart.go:136.16,139.3 2 0
github.com/cubny/cart/internal/handler/cart.go:142.16,145.3 2 0
github.com/cubny/cart/internal/handler/cart.go:149.38,151.9 2 0
github.com/cubny/cart/internal/handler/cart.go:152.18,155.9 3 0
github.com/cubny/cart/internal/handler/middleware.go:20.49,22.2 1 0
github.com/cubny/cart/internal/handler/middleware.go:33.81,36.2 2 0
github.com/cubny/cart/internal/handler/middleware.go:39.80,42.51 2 0
github.com/cubny/cart/internal/handler/middleware.go:53.2,53.15 1 0
github.com/cubny/cart/internal/handler/middleware.go:42.51,45.20 2 0
github.com/cubny/cart/internal/handler/middleware.go:50.3,50.30 1 0
github.com/cubny/cart/internal/handler/middleware.go:45.20,47.12 2 0
github.com/cubny/cart/internal/handler/middleware.go:57.86,59.2 1 0
github.com/cubny/cart/internal/handler/middleware.go:62.83,63.76 1 0
github.com/cubny/cart/internal/handler/middleware.go:63.76,66.16 2 0
github.com/cubny/cart/internal/handler/middleware.go:72.3,73.17 2 0
github.com/cubny/cart/internal/handler/middleware.go:78.3,79.17 2 0
github.com/cubny/cart/internal/handler/middleware.go:85.3,85.34 1 0
github.com/cubny/cart/internal/handler/middleware.go:66.16,69.4 2 0
github.com/cubny/cart/internal/handler/middleware.go:73.17,76.4 2 0
github.com/cubny/cart/internal/handler/middleware.go:79.17,83.4 3 0
github.com/cubny/cart/internal/handler/middleware.go:90.89,91.76 1 0
github.com/cubny/cart/internal/handler/middleware.go:91.76,94.3 2 0
